[2023-09-03T17:27:03.230] [INFO] info - log output
[2023-09-03T17:27:03.618] [INFO] info - log output
[2023-09-04T22:01:23.330] [INFO] info - 连接数据库成功！
[2023-09-05T11:13:53.155] [INFO] info - 连接数据库成功！
[2023-09-05T11:31:37.736] [INFO] info - 连接数据库成功！
[2023-09-05T11:40:47.232] [INFO] info - 连接数据库成功！
[2023-09-05T11:42:52.010] [INFO] info - 连接数据库成功！
[2023-09-05T11:46:12.023] [INFO] info - 连接数据库成功！
[2023-09-05T11:53:29.781] [INFO] info - 连接数据库成功！
[2023-09-05T11:53:29.782] [INFO] info - Listening on port 3001
[2023-09-05T11:54:22.301] [INFO] info - {
  request: {
    method: 'GET',
    url: '/',
    header: {
      host: '127.0.0.1:3001',
      connection: 'keep-alive',
      'sec-ch-ua': '"Chromium";v="116", "Not)A;Brand";v="24", "Google Chrome";v="116"',
      'sec-ch-ua-mobile': '?0',
      'sec-ch-ua-platform': '"Windows"',
      'upgrade-insecure-requests': '1',
      'user-agent': 'Mozilla/5.0 (Windows NT 10.0; Win64; x64) AppleWebKit/537.36 (KHTML, like Gecko) Chrome/116.0.0.0 Safari/537.36',
      accept: 'text/html,application/xhtml+xml,application/xml;q=0.9,image/avif,image/webp,image/apng,*/*;q=0.8,application/signed-exchange;v=b3;q=0.7',
      'sec-fetch-site': 'none',
      'sec-fetch-mode': 'navigate',
      'sec-fetch-user': '?1',
      'sec-fetch-dest': 'document',
      'accept-encoding': 'gzip, deflate, br',
      'accept-language': 'zh-CN,zh;q=0.9,en;q=0.8'
    }
  },
  response: {
    status: 404,
    message: 'Not Found',
    header: [Object: null prototype] {}
  },
  app: { subdomainOffset: 2, proxy: false, env: 'development' },
  originalUrl: '/',
  req: '<original node req>',
  res: '<original node res>',
  socket: '<original node socket>'
}
[2023-09-05T11:54:22.308] [INFO] info - 这是token校验路由中间件
[2023-09-05T11:54:22.312] [INFO] info - log output
[2023-09-05T11:54:22.544] [INFO] info - {
  request: {
    method: 'GET',
    url: '/favicon.ico',
    header: {
      host: '127.0.0.1:3001',
      connection: 'keep-alive',
      'sec-ch-ua': '"Chromium";v="116", "Not)A;Brand";v="24", "Google Chrome";v="116"',
      'sec-ch-ua-mobile': '?0',
      'user-agent': 'Mozilla/5.0 (Windows NT 10.0; Win64; x64) AppleWebKit/537.36 (KHTML, like Gecko) Chrome/116.0.0.0 Safari/537.36',
      'sec-ch-ua-platform': '"Windows"',
      accept: 'image/avif,image/webp,image/apng,image/svg+xml,image/*,*/*;q=0.8',
      'sec-fetch-site': 'same-origin',
      'sec-fetch-mode': 'no-cors',
      'sec-fetch-dest': 'image',
      referer: 'http://127.0.0.1:3001/',
      'accept-encoding': 'gzip, deflate, br',
      'accept-language': 'zh-CN,zh;q=0.9,en;q=0.8'
    }
  },
  response: {
    status: 404,
    message: 'Not Found',
    header: [Object: null prototype] {}
  },
  app: { subdomainOffset: 2, proxy: false, env: 'development' },
  originalUrl: '/favicon.ico',
  req: '<original node req>',
  res: '<original node res>',
  socket: '<original node socket>'
}
[2023-09-05T11:54:22.553] [INFO] info - 这是token校验路由中间件
[2023-09-05T11:54:22.555] [INFO] info - log output
[2023-09-05T11:55:11.938] [INFO] info - {
  request: {
    method: 'GET',
    url: '/users',
    header: {
      host: '127.0.0.1:3001',
      connection: 'keep-alive',
      'sec-ch-ua': '"Chromium";v="116", "Not)A;Brand";v="24", "Google Chrome";v="116"',
      'sec-ch-ua-mobile': '?0',
      'sec-ch-ua-platform': '"Windows"',
      'upgrade-insecure-requests': '1',
      'user-agent': 'Mozilla/5.0 (Windows NT 10.0; Win64; x64) AppleWebKit/537.36 (KHTML, like Gecko) Chrome/116.0.0.0 Safari/537.36',
      accept: 'text/html,application/xhtml+xml,application/xml;q=0.9,image/avif,image/webp,image/apng,*/*;q=0.8,application/signed-exchange;v=b3;q=0.7',
      'sec-fetch-site': 'none',
      'sec-fetch-mode': 'navigate',
      'sec-fetch-user': '?1',
      'sec-fetch-dest': 'document',
      'accept-encoding': 'gzip, deflate, br',
      'accept-language': 'zh-CN,zh;q=0.9,en;q=0.8'
    }
  },
  response: {
    status: 404,
    message: 'Not Found',
    header: [Object: null prototype] {}
  },
  app: { subdomainOffset: 2, proxy: false, env: 'development' },
  originalUrl: '/users',
  req: '<original node req>',
  res: '<original node res>',
  socket: '<original node socket>'
}
[2023-09-05T11:55:11.946] [INFO] info - 这是token校验路由中间件
[2023-09-05T11:55:11.947] [INFO] info - log output
[2023-09-05T13:08:15.971] [INFO] info - 连接数据库成功！
[2023-09-05T13:08:15.972] [INFO] info - Listening on port 3001
[2023-09-05T13:11:45.813] [INFO] info - 连接数据库成功！
[2023-09-05T13:11:45.814] [INFO] info - Listening on port 3001
[2023-09-05T13:11:51.615] [INFO] info - 连接数据库成功！
[2023-09-05T13:11:51.617] [INFO] info - Listening on port 3001
[2023-09-05T13:15:01.617] [INFO] info - 连接数据库成功！
[2023-09-05T13:15:01.618] [INFO] info - Listening on port 3001
[2023-09-05T13:15:53.856] [INFO] info - 连接数据库成功！
[2023-09-05T13:15:53.857] [INFO] info - Listening on port 3001
[2023-09-05T13:18:20.502] [INFO] info - 连接数据库成功！
[2023-09-05T13:18:20.503] [INFO] info - Listening on port 3001
[2023-09-05T13:28:30.071] [INFO] info - 连接数据库成功！
[2023-09-05T13:28:30.072] [INFO] info - Listening on port 3001
[2023-09-05T13:29:41.870] [INFO] info - 连接数据库成功！
[2023-09-05T13:29:41.873] [INFO] info - Listening on port 3001
[2023-09-05T13:32:49.601] [INFO] info - 连接数据库成功！
[2023-09-05T13:32:49.603] [INFO] info - Listening on port 3001
[2023-09-05T13:34:07.904] [INFO] info - 连接数据库成功！
[2023-09-05T13:34:07.906] [INFO] info - Listening on port 3001
[2023-09-05T13:36:44.139] [INFO] info - 连接数据库成功！
[2023-09-05T13:36:44.141] [INFO] info - Listening on port 3001
[2023-09-05T13:41:07.235] [INFO] info - 连接数据库成功！
[2023-09-05T13:41:07.237] [INFO] info - Listening on port 3001
[2023-09-05T13:52:20.504] [INFO] info - 连接数据库成功！
[2023-09-05T13:52:20.506] [INFO] info - Listening on port 3001
[2023-09-05T14:08:06.441] [INFO] info - 连接数据库成功！
[2023-09-05T14:08:06.443] [INFO] info - Listening on port 3001
[2023-09-05T14:18:34.676] [INFO] info - 连接数据库成功！
[2023-09-05T14:18:34.678] [INFO] info - Listening on port 3001
[2023-09-05T14:20:47.310] [INFO] info - 连接数据库成功！
[2023-09-05T14:20:47.312] [INFO] info - Listening on port 3001
[2023-09-05T14:21:20.564] [INFO] info - {
  request: {
    method: 'GET',
    url: '/api',
    header: {
      host: '127.0.0.1:3001',
      connection: 'keep-alive',
      'sec-ch-ua': '"Chromium";v="116", "Not)A;Brand";v="24", "Google Chrome";v="116"',
      'sec-ch-ua-mobile': '?0',
      'sec-ch-ua-platform': '"Windows"',
      'upgrade-insecure-requests': '1',
      'user-agent': 'Mozilla/5.0 (Windows NT 10.0; Win64; x64) AppleWebKit/537.36 (KHTML, like Gecko) Chrome/116.0.0.0 Safari/537.36',
      accept: 'text/html,application/xhtml+xml,application/xml;q=0.9,image/avif,image/webp,image/apng,*/*;q=0.8,application/signed-exchange;v=b3;q=0.7',
      'sec-fetch-site': 'none',
      'sec-fetch-mode': 'navigate',
      'sec-fetch-user': '?1',
      'sec-fetch-dest': 'document',
      'accept-encoding': 'gzip, deflate, br',
      'accept-language': 'zh-CN,zh;q=0.9,en;q=0.8'
    }
  },
  response: {
    status: 404,
    message: 'Not Found',
    header: [Object: null prototype] {}
  },
  app: { subdomainOffset: 2, proxy: false, env: 'development' },
  originalUrl: '/api',
  req: '<original node req>',
  res: '<original node res>',
  socket: '<original node socket>'
}
[2023-09-05T14:21:20.575] [INFO] info - 这是token校验路由中间件
[2023-09-05T14:21:20.576] [INFO] info - log output
[2023-09-05T14:21:26.439] [INFO] info - {
  request: {
    method: 'GET',
    url: '/api/user',
    header: {
      host: '127.0.0.1:3001',
      connection: 'keep-alive',
      'sec-ch-ua': '"Chromium";v="116", "Not)A;Brand";v="24", "Google Chrome";v="116"',
      'sec-ch-ua-mobile': '?0',
      'sec-ch-ua-platform': '"Windows"',
      'upgrade-insecure-requests': '1',
      'user-agent': 'Mozilla/5.0 (Windows NT 10.0; Win64; x64) AppleWebKit/537.36 (KHTML, like Gecko) Chrome/116.0.0.0 Safari/537.36',
      accept: 'text/html,application/xhtml+xml,application/xml;q=0.9,image/avif,image/webp,image/apng,*/*;q=0.8,application/signed-exchange;v=b3;q=0.7',
      'sec-fetch-site': 'none',
      'sec-fetch-mode': 'navigate',
      'sec-fetch-user': '?1',
      'sec-fetch-dest': 'document',
      'accept-encoding': 'gzip, deflate, br',
      'accept-language': 'zh-CN,zh;q=0.9,en;q=0.8'
    }
  },
  response: {
    status: 404,
    message: 'Not Found',
    header: [Object: null prototype] {}
  },
  app: { subdomainOffset: 2, proxy: false, env: 'development' },
  originalUrl: '/api/user',
  req: '<original node req>',
  res: '<original node res>',
  socket: '<original node socket>'
}
[2023-09-05T14:21:26.444] [INFO] info - 这是token校验路由中间件
[2023-09-05T14:21:26.444] [INFO] info - log output
[2023-09-05T14:21:39.845] [INFO] info - {
  request: {
    method: 'GET',
    url: '/api/users/',
    header: {
      host: '127.0.0.1:3001',
      connection: 'keep-alive',
      'sec-ch-ua': '"Chromium";v="116", "Not)A;Brand";v="24", "Google Chrome";v="116"',
      'sec-ch-ua-mobile': '?0',
      'sec-ch-ua-platform': '"Windows"',
      'upgrade-insecure-requests': '1',
      'user-agent': 'Mozilla/5.0 (Windows NT 10.0; Win64; x64) AppleWebKit/537.36 (KHTML, like Gecko) Chrome/116.0.0.0 Safari/537.36',
      accept: 'text/html,application/xhtml+xml,application/xml;q=0.9,image/avif,image/webp,image/apng,*/*;q=0.8,application/signed-exchange;v=b3;q=0.7',
      'sec-fetch-site': 'none',
      'sec-fetch-mode': 'navigate',
      'sec-fetch-user': '?1',
      'sec-fetch-dest': 'document',
      'accept-encoding': 'gzip, deflate, br',
      'accept-language': 'zh-CN,zh;q=0.9,en;q=0.8'
    }
  },
  response: {
    status: 404,
    message: 'Not Found',
    header: [Object: null prototype] {}
  },
  app: { subdomainOffset: 2, proxy: false, env: 'development' },
  originalUrl: '/api/users/',
  req: '<original node req>',
  res: '<original node res>',
  socket: '<original node socket>'
}
[2023-09-05T14:21:39.850] [INFO] info - 这是token校验路由中间件
[2023-09-05T14:21:39.851] [INFO] info - log output
[2023-09-05T14:21:42.709] [INFO] info - {
  request: {
    method: 'GET',
    url: '/api/users',
    header: {
      host: '127.0.0.1:3001',
      connection: 'keep-alive',
      'sec-ch-ua': '"Chromium";v="116", "Not)A;Brand";v="24", "Google Chrome";v="116"',
      'sec-ch-ua-mobile': '?0',
      'sec-ch-ua-platform': '"Windows"',
      'upgrade-insecure-requests': '1',
      'user-agent': 'Mozilla/5.0 (Windows NT 10.0; Win64; x64) AppleWebKit/537.36 (KHTML, like Gecko) Chrome/116.0.0.0 Safari/537.36',
      accept: 'text/html,application/xhtml+xml,application/xml;q=0.9,image/avif,image/webp,image/apng,*/*;q=0.8,application/signed-exchange;v=b3;q=0.7',
      'sec-fetch-site': 'none',
      'sec-fetch-mode': 'navigate',
      'sec-fetch-user': '?1',
      'sec-fetch-dest': 'document',
      'accept-encoding': 'gzip, deflate, br',
      'accept-language': 'zh-CN,zh;q=0.9,en;q=0.8'
    }
  },
  response: {
    status: 404,
    message: 'Not Found',
    header: [Object: null prototype] {}
  },
  app: { subdomainOffset: 2, proxy: false, env: 'development' },
  originalUrl: '/api/users',
  req: '<original node req>',
  res: '<original node res>',
  socket: '<original node socket>'
}
[2023-09-05T14:21:42.713] [INFO] info - 这是token校验路由中间件
[2023-09-05T14:21:42.713] [INFO] info - log output
[2023-09-05T14:22:02.143] [INFO] info - {
  request: {
    method: 'GET',
    url: '/api/users/',
    header: {
      host: '127.0.0.1:3001',
      connection: 'keep-alive',
      'sec-ch-ua': '"Chromium";v="116", "Not)A;Brand";v="24", "Google Chrome";v="116"',
      'sec-ch-ua-mobile': '?0',
      'sec-ch-ua-platform': '"Windows"',
      'upgrade-insecure-requests': '1',
      'user-agent': 'Mozilla/5.0 (Windows NT 10.0; Win64; x64) AppleWebKit/537.36 (KHTML, like Gecko) Chrome/116.0.0.0 Safari/537.36',
      accept: 'text/html,application/xhtml+xml,application/xml;q=0.9,image/avif,image/webp,image/apng,*/*;q=0.8,application/signed-exchange;v=b3;q=0.7',
      'sec-fetch-site': 'none',
      'sec-fetch-mode': 'navigate',
      'sec-fetch-user': '?1',
      'sec-fetch-dest': 'document',
      'accept-encoding': 'gzip, deflate, br',
      'accept-language': 'zh-CN,zh;q=0.9,en;q=0.8'
    }
  },
  response: {
    status: 404,
    message: 'Not Found',
    header: [Object: null prototype] {}
  },
  app: { subdomainOffset: 2, proxy: false, env: 'development' },
  originalUrl: '/api/users/',
  req: '<original node req>',
  res: '<original node res>',
  socket: '<original node socket>'
}
[2023-09-05T14:22:02.148] [INFO] info - 这是token校验路由中间件
[2023-09-05T14:22:02.149] [INFO] info - log output
[2023-09-05T14:22:44.348] [INFO] info - 连接数据库成功！
[2023-09-05T14:22:44.351] [INFO] info - Listening on port 3001
[2023-09-05T14:22:54.433] [INFO] info - 连接数据库成功！
[2023-09-05T14:22:54.435] [INFO] info - Listening on port 3001
[2023-09-05T14:22:58.260] [INFO] info - {
  request: {
    method: 'GET',
    url: '/api/users/bar',
    header: {
      host: '127.0.0.1:3001',
      connection: 'keep-alive',
      'sec-ch-ua': '"Chromium";v="116", "Not)A;Brand";v="24", "Google Chrome";v="116"',
      'sec-ch-ua-mobile': '?0',
      'sec-ch-ua-platform': '"Windows"',
      'upgrade-insecure-requests': '1',
      'user-agent': 'Mozilla/5.0 (Windows NT 10.0; Win64; x64) AppleWebKit/537.36 (KHTML, like Gecko) Chrome/116.0.0.0 Safari/537.36',
      accept: 'text/html,application/xhtml+xml,application/xml;q=0.9,image/avif,image/webp,image/apng,*/*;q=0.8,application/signed-exchange;v=b3;q=0.7',
      'sec-fetch-site': 'none',
      'sec-fetch-mode': 'navigate',
      'sec-fetch-user': '?1',
      'sec-fetch-dest': 'document',
      'accept-encoding': 'gzip, deflate, br',
      'accept-language': 'zh-CN,zh;q=0.9,en;q=0.8'
    }
  },
  response: {
    status: 404,
    message: 'Not Found',
    header: [Object: null prototype] {}
  },
  app: { subdomainOffset: 2, proxy: false, env: 'development' },
  originalUrl: '/api/users/bar',
  req: '<original node req>',
  res: '<original node res>',
  socket: '<original node socket>'
}
[2023-09-05T14:22:58.264] [INFO] info - 这是token校验路由中间件
[2023-09-05T14:22:58.265] [INFO] info - log output
[2023-09-05T14:24:55.299] [INFO] info - 连接数据库成功！
[2023-09-05T14:24:55.302] [INFO] info - Listening on port 3001
[2023-09-05T14:25:12.333] [INFO] info - {
  request: {
    method: 'GET',
    url: '/api/users/bar',
    header: {
      host: '127.0.0.1:3001',
      connection: 'keep-alive',
      'cache-control': 'max-age=0',
      'sec-ch-ua': '"Chromium";v="116", "Not)A;Brand";v="24", "Google Chrome";v="116"',
      'sec-ch-ua-mobile': '?0',
      'sec-ch-ua-platform': '"Windows"',
      'upgrade-insecure-requests': '1',
      'user-agent': 'Mozilla/5.0 (Windows NT 10.0; Win64; x64) AppleWebKit/537.36 (KHTML, like Gecko) Chrome/116.0.0.0 Safari/537.36',
      accept: 'text/html,application/xhtml+xml,application/xml;q=0.9,image/avif,image/webp,image/apng,*/*;q=0.8,application/signed-exchange;v=b3;q=0.7',
      'sec-fetch-site': 'none',
      'sec-fetch-mode': 'navigate',
      'sec-fetch-user': '?1',
      'sec-fetch-dest': 'document',
      'accept-encoding': 'gzip, deflate, br',
      'accept-language': 'zh-CN,zh;q=0.9,en;q=0.8'
    }
  },
  response: {
    status: 404,
    message: 'Not Found',
    header: [Object: null prototype] {}
  },
  app: { subdomainOffset: 2, proxy: false, env: 'development' },
  originalUrl: '/api/users/bar',
  req: '<original node req>',
  res: '<original node res>',
  socket: '<original node socket>'
}
[2023-09-05T14:25:12.342] [INFO] info - 这是token校验路由中间件
[2023-09-05T14:25:12.344] [INFO] info - log output
[2023-09-05T14:29:40.876] [INFO] info - 连接数据库成功！
[2023-09-05T14:29:40.883] [INFO] info - Listening on port 3001
[2023-09-05T14:31:57.816] [INFO] info - {
  request: {
    method: 'GET',
    url: '/users',
    header: {
      host: '127.0.0.1:3001',
      connection: 'keep-alive',
      'sec-ch-ua': '"Chromium";v="116", "Not)A;Brand";v="24", "Google Chrome";v="116"',
      'sec-ch-ua-mobile': '?0',
      'sec-ch-ua-platform': '"Windows"',
      'upgrade-insecure-requests': '1',
      'user-agent': 'Mozilla/5.0 (Windows NT 10.0; Win64; x64) AppleWebKit/537.36 (KHTML, like Gecko) Chrome/116.0.0.0 Safari/537.36',
      accept: 'text/html,application/xhtml+xml,application/xml;q=0.9,image/avif,image/webp,image/apng,*/*;q=0.8,application/signed-exchange;v=b3;q=0.7',
      'sec-fetch-site': 'none',
      'sec-fetch-mode': 'navigate',
      'sec-fetch-user': '?1',
      'sec-fetch-dest': 'document',
      'accept-encoding': 'gzip, deflate, br',
      'accept-language': 'zh-CN,zh;q=0.9,en;q=0.8'
    }
  },
  response: {
    status: 404,
    message: 'Not Found',
    header: [Object: null prototype] {}
  },
  app: { subdomainOffset: 2, proxy: false, env: 'development' },
  originalUrl: '/users',
  req: '<original node req>',
  res: '<original node res>',
  socket: '<original node socket>'
}
[2023-09-05T14:31:57.826] [INFO] info - 这是token校验路由中间件
[2023-09-05T14:31:57.827] [INFO] info - log output
[2023-09-05T14:32:02.276] [INFO] info - {
  request: {
    method: 'GET',
    url: '/users/bar',
    header: {
      host: '127.0.0.1:3001',
      connection: 'keep-alive',
      'sec-ch-ua': '"Chromium";v="116", "Not)A;Brand";v="24", "Google Chrome";v="116"',
      'sec-ch-ua-mobile': '?0',
      'sec-ch-ua-platform': '"Windows"',
      'upgrade-insecure-requests': '1',
      'user-agent': 'Mozilla/5.0 (Windows NT 10.0; Win64; x64) AppleWebKit/537.36 (KHTML, like Gecko) Chrome/116.0.0.0 Safari/537.36',
      accept: 'text/html,application/xhtml+xml,application/xml;q=0.9,image/avif,image/webp,image/apng,*/*;q=0.8,application/signed-exchange;v=b3;q=0.7',
      'sec-fetch-site': 'none',
      'sec-fetch-mode': 'navigate',
      'sec-fetch-user': '?1',
      'sec-fetch-dest': 'document',
      'accept-encoding': 'gzip, deflate, br',
      'accept-language': 'zh-CN,zh;q=0.9,en;q=0.8'
    }
  },
  response: {
    status: 404,
    message: 'Not Found',
    header: [Object: null prototype] {}
  },
  app: { subdomainOffset: 2, proxy: false, env: 'development' },
  originalUrl: '/users/bar',
  req: '<original node req>',
  res: '<original node res>',
  socket: '<original node socket>'
}
[2023-09-05T14:32:02.278] [INFO] info - 这是token校验路由中间件
[2023-09-05T14:32:02.279] [INFO] info - log output
[2023-09-05T14:32:05.067] [INFO] info - {
  request: {
    method: 'GET',
    url: '/users/bar',
    header: {
      host: '127.0.0.1:3001',
      connection: 'keep-alive',
      'cache-control': 'max-age=0',
      'sec-ch-ua': '"Chromium";v="116", "Not)A;Brand";v="24", "Google Chrome";v="116"',
      'sec-ch-ua-mobile': '?0',
      'sec-ch-ua-platform': '"Windows"',
      'upgrade-insecure-requests': '1',
      'user-agent': 'Mozilla/5.0 (Windows NT 10.0; Win64; x64) AppleWebKit/537.36 (KHTML, like Gecko) Chrome/116.0.0.0 Safari/537.36',
      accept: 'text/html,application/xhtml+xml,application/xml;q=0.9,image/avif,image/webp,image/apng,*/*;q=0.8,application/signed-exchange;v=b3;q=0.7',
      'sec-fetch-site': 'none',
      'sec-fetch-mode': 'navigate',
      'sec-fetch-user': '?1',
      'sec-fetch-dest': 'document',
      'accept-encoding': 'gzip, deflate, br',
      'accept-language': 'zh-CN,zh;q=0.9,en;q=0.8'
    }
  },
  response: {
    status: 404,
    message: 'Not Found',
    header: [Object: null prototype] {}
  },
  app: { subdomainOffset: 2, proxy: false, env: 'development' },
  originalUrl: '/users/bar',
  req: '<original node req>',
  res: '<original node res>',
  socket: '<original node socket>'
}
[2023-09-05T14:32:05.072] [INFO] info - 这是token校验路由中间件
[2023-09-05T14:32:05.073] [INFO] info - log output
[2023-09-05T14:32:26.247] [INFO] info - {
  request: {
    method: 'GET',
    url: '/api/users/bar',
    header: {
      host: '127.0.0.1:3001',
      connection: 'keep-alive',
      'sec-ch-ua': '"Chromium";v="116", "Not)A;Brand";v="24", "Google Chrome";v="116"',
      'sec-ch-ua-mobile': '?0',
      'sec-ch-ua-platform': '"Windows"',
      'upgrade-insecure-requests': '1',
      'user-agent': 'Mozilla/5.0 (Windows NT 10.0; Win64; x64) AppleWebKit/537.36 (KHTML, like Gecko) Chrome/116.0.0.0 Safari/537.36',
      accept: 'text/html,application/xhtml+xml,application/xml;q=0.9,image/avif,image/webp,image/apng,*/*;q=0.8,application/signed-exchange;v=b3;q=0.7',
      'sec-fetch-site': 'none',
      'sec-fetch-mode': 'navigate',
      'sec-fetch-user': '?1',
      'sec-fetch-dest': 'document',
      'accept-encoding': 'gzip, deflate, br',
      'accept-language': 'zh-CN,zh;q=0.9,en;q=0.8'
    }
  },
  response: {
    status: 404,
    message: 'Not Found',
    header: [Object: null prototype] {}
  },
  app: { subdomainOffset: 2, proxy: false, env: 'development' },
  originalUrl: '/api/users/bar',
  req: '<original node req>',
  res: '<original node res>',
  socket: '<original node socket>'
}
[2023-09-05T14:32:26.254] [INFO] info - 这是token校验路由中间件
[2023-09-05T14:32:26.257] [INFO] info - log output
[2023-09-05T14:33:21.953] [INFO] info - {
  request: {
    method: 'POST',
    url: '/api/users/login',
    header: {
      host: '127.0.0.1:3001',
      'user-agent': 'apifox/1.0.0 (https://www.apifox.cn)',
      'content-length': '54',
      accept: '*/*',
      'accept-encoding': 'gzip, deflate, br',
      connection: 'close',
      'content-type': 'application/json'
    }
  },
  response: {
    status: 404,
    message: 'Not Found',
    header: [Object: null prototype] {}
  },
  app: { subdomainOffset: 2, proxy: false, env: 'development' },
  originalUrl: '/api/users/login',
  req: '<original node req>',
  res: '<original node res>',
  socket: '<original node socket>'
}
[2023-09-05T14:33:21.955] [INFO] info - 这是token校验路由中间件
[2023-09-05T14:33:21.958] [INFO] info - log output
[2023-09-05T14:35:33.437] [INFO] info - 连接数据库成功！
[2023-09-05T14:35:33.439] [INFO] info - Listening on port 3001
[2023-09-05T14:35:35.630] [INFO] info - {
  request: {
    method: 'POST',
    url: '/api/users/login',
    header: {
      host: '127.0.0.1:3001',
      'user-agent': 'apifox/1.0.0 (https://www.apifox.cn)',
      'content-length': '54',
      accept: '*/*',
      'accept-encoding': 'gzip, deflate, br',
      connection: 'close',
      'content-type': 'application/json'
    }
  },
  response: {
    status: 404,
    message: 'Not Found',
    header: [Object: null prototype] {}
  },
  app: { subdomainOffset: 2, proxy: false, env: 'development' },
  originalUrl: '/api/users/login',
  req: '<original node req>',
  res: '<original node res>',
  socket: '<original node socket>'
}
[2023-09-05T14:35:35.639] [INFO] info - 这是token校验路由中间件
[2023-09-05T14:35:35.647] [INFO] info - log output
[2023-09-05T14:36:26.790] [INFO] info - 连接数据库成功！
[2023-09-05T14:36:26.793] [INFO] info - Listening on port 3001
[2023-09-05T14:36:33.182] [INFO] info - {
  request: {
    method: 'POST',
    url: '/api/users/login',
    header: {
      host: '127.0.0.1:3001',
      'user-agent': 'apifox/1.0.0 (https://www.apifox.cn)',
      'content-length': '54',
      accept: '*/*',
      'accept-encoding': 'gzip, deflate, br',
      connection: 'close',
      'content-type': 'application/json'
    }
  },
  response: {
    status: 404,
    message: 'Not Found',
    header: [Object: null prototype] {}
  },
  app: { subdomainOffset: 2, proxy: false, env: 'development' },
  originalUrl: '/api/users/login',
  req: '<original node req>',
  res: '<original node res>',
  socket: '<original node socket>'
}
[2023-09-05T14:36:33.193] [INFO] info - 这是token校验路由中间件
[2023-09-05T14:36:33.197] [INFO] info - log output
[2023-09-05T14:36:47.226] [INFO] info - 连接数据库成功！
[2023-09-05T14:36:47.228] [INFO] info - Listening on port 3001
[2023-09-05T14:36:48.626] [INFO] info - {
  request: {
    method: 'POST',
    url: '/api/users/login',
    header: {
      host: '127.0.0.1:3001',
      'user-agent': 'apifox/1.0.0 (https://www.apifox.cn)',
      'content-length': '54',
      accept: '*/*',
      'accept-encoding': 'gzip, deflate, br',
      connection: 'close',
      'content-type': 'application/json'
    }
  },
  response: {
    status: 404,
    message: 'Not Found',
    header: [Object: null prototype] {}
  },
  app: { subdomainOffset: 2, proxy: false, env: 'development' },
  originalUrl: '/api/users/login',
  req: '<original node req>',
  res: '<original node res>',
  socket: '<original node socket>'
}
[2023-09-05T14:36:48.631] [INFO] info - 这是token校验路由中间件
[2023-09-05T14:36:48.640] [INFO] info - log output
[2023-09-05T14:37:18.124] [INFO] info - 连接数据库成功！
[2023-09-05T14:37:18.126] [INFO] info - Listening on port 3001
[2023-09-05T14:37:28.328] [INFO] info - {
  request: {
    method: 'POST',
    url: '/api/users/login',
    header: {
      host: '127.0.0.1:3001',
      'user-agent': 'apifox/1.0.0 (https://www.apifox.cn)',
      'content-length': '54',
      accept: '*/*',
      'accept-encoding': 'gzip, deflate, br',
      connection: 'close',
      'content-type': 'application/json'
    }
  },
  response: {
    status: 404,
    message: 'Not Found',
    header: [Object: null prototype] {}
  },
  app: { subdomainOffset: 2, proxy: false, env: 'development' },
  originalUrl: '/api/users/login',
  req: '<original node req>',
  res: '<original node res>',
  socket: '<original node socket>'
}
[2023-09-05T14:37:28.332] [INFO] info - 这是token校验路由中间件
[2023-09-05T14:37:28.340] [INFO] info - log output
[2023-09-05T14:37:49.406] [INFO] info - 连接数据库成功！
[2023-09-05T14:37:49.409] [INFO] info - Listening on port 3001
[2023-09-05T14:39:34.415] [INFO] info - 连接数据库成功！
[2023-09-05T14:39:34.417] [INFO] info - Listening on port 3001
[2023-09-05T14:39:36.567] [INFO] info - {
  request: {
    method: 'POST',
    url: '/api/users/login',
    header: {
      host: '127.0.0.1:3001',
      'user-agent': 'apifox/1.0.0 (https://www.apifox.cn)',
      'content-length': '54',
      accept: '*/*',
      'accept-encoding': 'gzip, deflate, br',
      connection: 'close',
      'content-type': 'application/json'
    }
  },
  response: {
    status: 404,
    message: 'Not Found',
    header: [Object: null prototype] {}
  },
  app: { subdomainOffset: 2, proxy: false, env: 'development' },
  originalUrl: '/api/users/login',
  req: '<original node req>',
  res: '<original node res>',
  socket: '<original node socket>'
}
[2023-09-05T14:39:36.578] [INFO] info - 这是token校验路由中间件
[2023-09-05T14:39:36.612] [INFO] info - log output
[2023-09-05T14:40:19.538] [INFO] info - 连接数据库成功！
[2023-09-05T14:40:19.540] [INFO] info - Listening on port 3001
[2023-09-05T14:41:19.292] [INFO] info - 连接数据库成功！
[2023-09-05T14:41:19.294] [INFO] info - Listening on port 3001
[2023-09-05T14:41:22.965] [INFO] info - {
  request: {
    method: 'POST',
    url: '/api/users/login',
    header: {
      host: '127.0.0.1:3001',
      'user-agent': 'apifox/1.0.0 (https://www.apifox.cn)',
      'content-length': '54',
      accept: '*/*',
      'accept-encoding': 'gzip, deflate, br',
      connection: 'close',
      'content-type': 'application/json'
    }
  },
  response: {
    status: 404,
    message: 'Not Found',
    header: [Object: null prototype] {}
  },
  app: { subdomainOffset: 2, proxy: false, env: 'development' },
  originalUrl: '/api/users/login',
  req: '<original node req>',
  res: '<original node res>',
  socket: '<original node socket>'
}
[2023-09-05T14:41:22.973] [INFO] info - 这是token校验路由中间件
[2023-09-05T14:41:23.008] [INFO] info - log output
[2023-09-05T14:41:33.015] [INFO] info - 连接数据库成功！
[2023-09-05T14:41:33.018] [INFO] info - Listening on port 3001
[2023-09-05T14:41:38.159] [INFO] info - {
  request: {
    method: 'POST',
    url: '/api/users/login',
    header: {
      host: '127.0.0.1:3001',
      'user-agent': 'apifox/1.0.0 (https://www.apifox.cn)',
      'content-length': '54',
      accept: '*/*',
      'accept-encoding': 'gzip, deflate, br',
      connection: 'close',
      'content-type': 'application/json'
    }
  },
  response: {
    status: 404,
    message: 'Not Found',
    header: [Object: null prototype] {}
  },
  app: { subdomainOffset: 2, proxy: false, env: 'development' },
  originalUrl: '/api/users/login',
  req: '<original node req>',
  res: '<original node res>',
  socket: '<original node socket>'
}
[2023-09-05T14:41:38.162] [INFO] info - 这是token校验路由中间件
[2023-09-05T14:41:38.178] [INFO] info - log output
[2023-09-05T14:41:59.141] [INFO] info - 连接数据库成功！
[2023-09-05T14:41:59.144] [INFO] info - Listening on port 3001
[2023-09-05T15:21:11.787] [INFO] info - {
  request: {
    method: 'POST',
    url: '/api/api/users/login',
    header: {
      'accept-language': 'zh-CN,zh;q=0.9,en;q=0.8',
      'accept-encoding': 'gzip, deflate, br',
      referer: 'http://127.0.0.1:8080/',
      'sec-fetch-dest': 'empty',
      'sec-fetch-mode': 'cors',
      'sec-fetch-site': 'same-origin',
      origin: 'http://127.0.0.1:8080',
      'sec-ch-ua-platform': '"Windows"',
      'user-agent': 'Mozilla/5.0 (Windows NT 10.0; Win64; x64) AppleWebKit/537.36 (KHTML, like Gecko) Chrome/116.0.0.0 Safari/537.36',
      authorization: 'Bearer',
      'sec-ch-ua-mobile': '?0',
      'content-type': 'application/json',
      accept: 'application/json, text/plain, */*',
      'sec-ch-ua': '"Chromium";v="116", "Not)A;Brand";v="24", "Google Chrome";v="116"',
      'content-length': '40',
      connection: 'close',
      host: '127.0.0.1:3001'
    }
  },
  response: {
    status: 404,
    message: 'Not Found',
    header: [Object: null prototype] {}
  },
  app: { subdomainOffset: 2, proxy: false, env: 'development' },
  originalUrl: '/api/api/users/login',
  req: '<original node req>',
  res: '<original node res>',
  socket: '<original node socket>'
}
[2023-09-05T15:21:11.796] [INFO] info - 这是token校验路由中间件
[2023-09-05T15:21:11.798] [INFO] info - log output
[2023-09-05T15:21:30.452] [INFO] info - {
  request: {
    method: 'POST',
    url: '/api/api/users/login',
    header: {
      'accept-language': 'zh-CN,zh;q=0.9,en;q=0.8',
      'accept-encoding': 'gzip, deflate, br',
      referer: 'http://127.0.0.1:8080/',
      'sec-fetch-dest': 'empty',
      'sec-fetch-mode': 'cors',
      'sec-fetch-site': 'same-origin',
      origin: 'http://127.0.0.1:8080',
      'sec-ch-ua-platform': '"Windows"',
      'user-agent': 'Mozilla/5.0 (Windows NT 10.0; Win64; x64) AppleWebKit/537.36 (KHTML, like Gecko) Chrome/116.0.0.0 Safari/537.36',
      authorization: 'Bearer',
      'sec-ch-ua-mobile': '?0',
      'content-type': 'application/json',
      accept: 'application/json, text/plain, */*',
      'sec-ch-ua': '"Chromium";v="116", "Not)A;Brand";v="24", "Google Chrome";v="116"',
      'content-length': '40',
      connection: 'close',
      host: '127.0.0.1:3001'
    }
  },
  response: {
    status: 404,
    message: 'Not Found',
    header: [Object: null prototype] {}
  },
  app: { subdomainOffset: 2, proxy: false, env: 'development' },
  originalUrl: '/api/api/users/login',
  req: '<original node req>',
  res: '<original node res>',
  socket: '<original node socket>'
}
[2023-09-05T15:21:30.457] [INFO] info - 这是token校验路由中间件
[2023-09-05T15:21:30.458] [INFO] info - log output
[2023-09-05T15:22:57.632] [INFO] info - {
  request: {
    method: 'POST',
    url: '/api/api/users/login',
    header: {
      'accept-language': 'zh-CN,zh;q=0.9,en;q=0.8',
      'accept-encoding': 'gzip, deflate, br',
      referer: 'http://127.0.0.1:8080/',
      'sec-fetch-dest': 'empty',
      'sec-fetch-mode': 'cors',
      'sec-fetch-site': 'same-origin',
      origin: 'http://127.0.0.1:8080',
      'sec-ch-ua-platform': '"Windows"',
      'user-agent': 'Mozilla/5.0 (Windows NT 10.0; Win64; x64) AppleWebKit/537.36 (KHTML, like Gecko) Chrome/116.0.0.0 Safari/537.36',
      authorization: 'Bearer',
      'sec-ch-ua-mobile': '?0',
      'content-type': 'application/json',
      accept: 'application/json, text/plain, */*',
      'sec-ch-ua': '"Chromium";v="116", "Not)A;Brand";v="24", "Google Chrome";v="116"',
      'content-length': '40',
      connection: 'close',
      host: '127.0.0.1:3001'
    }
  },
  response: {
    status: 404,
    message: 'Not Found',
    header: [Object: null prototype] {}
  },
  app: { subdomainOffset: 2, proxy: false, env: 'development' },
  originalUrl: '/api/api/users/login',
  req: '<original node req>',
  res: '<original node res>',
  socket: '<original node socket>'
}
[2023-09-05T15:22:57.638] [INFO] info - 这是token校验路由中间件
[2023-09-05T15:22:57.639] [INFO] info - log output
[2023-09-05T15:24:08.086] [INFO] info - {
  request: {
    method: 'POST',
    url: '/api/users/login',
    header: {
      'accept-language': 'zh-CN,zh;q=0.9,en;q=0.8',
      'accept-encoding': 'gzip, deflate, br',
      referer: 'http://127.0.0.1:8080/',
      'sec-fetch-dest': 'empty',
      'sec-fetch-mode': 'cors',
      'sec-fetch-site': 'same-origin',
      origin: 'http://127.0.0.1:8080',
      'sec-ch-ua-platform': '"Windows"',
      'user-agent': 'Mozilla/5.0 (Windows NT 10.0; Win64; x64) AppleWebKit/537.36 (KHTML, like Gecko) Chrome/116.0.0.0 Safari/537.36',
      authorization: 'Bearer',
      'sec-ch-ua-mobile': '?0',
      'content-type': 'application/json',
      accept: 'application/json, text/plain, */*',
      'sec-ch-ua': '"Chromium";v="116", "Not)A;Brand";v="24", "Google Chrome";v="116"',
      'content-length': '40',
      connection: 'close',
      host: '127.0.0.1:3001'
    }
  },
  response: {
    status: 404,
    message: 'Not Found',
    header: [Object: null prototype] {}
  },
  app: { subdomainOffset: 2, proxy: false, env: 'development' },
  originalUrl: '/api/users/login',
  req: '<original node req>',
  res: '<original node res>',
  socket: '<original node socket>'
}
[2023-09-05T15:24:08.091] [INFO] info - 这是token校验路由中间件
[2023-09-05T15:24:08.140] [INFO] info - log output
[2023-09-05T15:33:51.254] [INFO] info - 连接数据库成功！
[2023-09-05T15:33:51.259] [INFO] info - Listening on port 3001
[2023-09-05T15:37:46.989] [INFO] info - 连接数据库成功！
[2023-09-05T15:37:46.994] [INFO] info - Listening on port 3001
[2023-09-05T15:41:03.121] [INFO] info - 连接数据库成功！
[2023-09-05T15:41:03.125] [INFO] info - Listening on port 3001
[2023-09-05T15:42:04.931] [INFO] info - 连接数据库成功！
[2023-09-05T15:42:04.933] [INFO] info - Listening on port 3001
[2023-09-05T15:44:16.135] [INFO] info - 连接数据库成功！
[2023-09-05T15:44:16.137] [INFO] info - Listening on port 3001
[2023-09-05T15:44:34.536] [INFO] info - {
  request: {
    method: 'POST',
    url: '/api/users/login',
    header: {
      'accept-language': 'zh-CN,zh;q=0.9,en;q=0.8',
      'accept-encoding': 'gzip, deflate, br',
      referer: 'http://127.0.0.1:8080/',
      'sec-fetch-dest': 'empty',
      'sec-fetch-mode': 'cors',
      'sec-fetch-site': 'same-origin',
      origin: 'http://127.0.0.1:8080',
      'sec-ch-ua-platform': '"Windows"',
      'user-agent': 'Mozilla/5.0 (Windows NT 10.0; Win64; x64) AppleWebKit/537.36 (KHTML, like Gecko) Chrome/116.0.0.0 Safari/537.36',
      authorization: 'Bearer',
      'sec-ch-ua-mobile': '?0',
      'content-type': 'application/json',
      accept: 'application/json, text/plain, */*',
      'sec-ch-ua': '"Chromium";v="116", "Not)A;Brand";v="24", "Google Chrome";v="116"',
      'content-length': '40',
      connection: 'close',
      host: '127.0.0.1:3001'
    }
  },
  response: {
    status: 404,
    message: 'Not Found',
    header: [Object: null prototype] {}
  },
  app: { subdomainOffset: 2, proxy: false, env: 'development' },
  originalUrl: '/api/users/login',
  req: '<original node req>',
  res: '<original node res>',
  socket: '<original node socket>'
}
[2023-09-05T15:44:34.542] [INFO] info - 这是token校验路由中间件
[2023-09-05T15:44:34.544] [INFO] info - e10adc3949ba59abbe56e057f20f883e
[2023-09-05T15:44:34.553] [INFO] info - log output
[2023-09-05T15:48:35.655] [INFO] info - {
  request: {
    method: 'POST',
    url: '/api/users/login',
    header: {
      'accept-language': 'zh-CN,zh;q=0.9,en;q=0.8',
      'accept-encoding': 'gzip, deflate, br',
      referer: 'http://127.0.0.1:8080/',
      'sec-fetch-dest': 'empty',
      'sec-fetch-mode': 'cors',
      'sec-fetch-site': 'same-origin',
      origin: 'http://127.0.0.1:8080',
      'sec-ch-ua-platform': '"Windows"',
      'user-agent': 'Mozilla/5.0 (Windows NT 10.0; Win64; x64) AppleWebKit/537.36 (KHTML, like Gecko) Chrome/116.0.0.0 Safari/537.36',
      authorization: 'Bearer',
      'sec-ch-ua-mobile': '?0',
      'content-type': 'application/json',
      accept: 'application/json, text/plain, */*',
      'sec-ch-ua': '"Chromium";v="116", "Not)A;Brand";v="24", "Google Chrome";v="116"',
      'content-length': '40',
      connection: 'close',
      host: '127.0.0.1:3001'
    }
  },
  response: {
    status: 404,
    message: 'Not Found',
    header: [Object: null prototype] {}
  },
  app: { subdomainOffset: 2, proxy: false, env: 'development' },
  originalUrl: '/api/users/login',
  req: '<original node req>',
  res: '<original node res>',
  socket: '<original node socket>'
}
[2023-09-05T15:48:35.661] [INFO] info - 这是token校验路由中间件
[2023-09-05T15:48:35.661] [INFO] info - e10adc3949ba59abbe56e057f20f883e
[2023-09-05T15:48:35.666] [INFO] info - log output
[2023-09-05T15:53:37.178] [INFO] info - {
  request: {
    method: 'POST',
    url: '/api/users/login',
    header: {
      'accept-language': 'zh-CN,zh;q=0.9,en;q=0.8',
      'accept-encoding': 'gzip, deflate, br',
      referer: 'http://127.0.0.1:8080/',
      'sec-fetch-dest': 'empty',
      'sec-fetch-mode': 'cors',
      'sec-fetch-site': 'same-origin',
      origin: 'http://127.0.0.1:8080',
      'sec-ch-ua-platform': '"Windows"',
      'user-agent': 'Mozilla/5.0 (Windows NT 10.0; Win64; x64) AppleWebKit/537.36 (KHTML, like Gecko) Chrome/116.0.0.0 Safari/537.36',
      authorization: 'Bearer',
      'sec-ch-ua-mobile': '?0',
      'content-type': 'application/json',
      accept: 'application/json, text/plain, */*',
      'sec-ch-ua': '"Chromium";v="116", "Not)A;Brand";v="24", "Google Chrome";v="116"',
      'content-length': '40',
      connection: 'close',
      host: '127.0.0.1:3001'
    }
  },
  response: {
    status: 404,
    message: 'Not Found',
    header: [Object: null prototype] {}
  },
  app: { subdomainOffset: 2, proxy: false, env: 'development' },
  originalUrl: '/api/users/login',
  req: '<original node req>',
  res: '<original node res>',
  socket: '<original node socket>'
}
[2023-09-05T15:53:37.182] [INFO] info - 这是token校验路由中间件
[2023-09-05T15:53:37.182] [INFO] info - e10adc3949ba59abbe56e057f20f883e
[2023-09-05T15:53:37.186] [INFO] info - log output
[2023-09-05T19:12:51.829] [INFO] info - 连接数据库成功！
[2023-09-05T19:12:51.833] [INFO] info - Listening on port 3001
[2023-09-05T19:13:24.809] [INFO] info - 连接数据库成功！
[2023-09-05T19:13:24.812] [INFO] info - Listening on port 3001
[2023-09-05T19:18:07.491] [INFO] info - {
  request: {
    method: 'POST',
    url: '/api/users/login',
    header: {
      cookie: 'PPA_CI=71f9dd91953119fe93055281c6ea0aeb',
      'accept-language': 'zh-CN,zh;q=0.9',
      'accept-encoding': 'gzip, deflate, br',
      referer: 'http://127.0.0.1:8080/',
      'sec-fetch-dest': 'empty',
      'sec-fetch-mode': 'cors',
      'sec-fetch-site': 'same-origin',
      origin: 'http://127.0.0.1:8080',
      'sec-ch-ua-platform': '"Windows"',
      accept: 'application/json, text/plain, */*',
      'content-type': 'application/json',
      'user-agent': 'Mozilla/5.0 (Windows NT 6.1; WOW64) AppleWebKit/537.36 (KHTML, like Gecko) Chrome/107.0.0.0 Safari/537.36',
      authorization: 'Bearer',
      'sec-ch-ua-mobile': '?0',
      dnt: '1',
      'sec-ch-ua': '"Google Chrome";v="107", "Chromium";v="107", "Not=A?Brand";v="24"',
      'content-length': '40',
      connection: 'close',
      host: '127.0.0.1:3001'
    }
  },
  response: {
    status: 404,
    message: 'Not Found',
    header: [Object: null prototype] {}
  },
  app: { subdomainOffset: 2, proxy: false, env: 'development' },
  originalUrl: '/api/users/login',
  req: '<original node req>',
  res: '<original node res>',
  socket: '<original node socket>'
}
[2023-09-05T19:18:07.500] [INFO] info - 这是token校验路由中间件
[2023-09-05T19:18:07.503] [INFO] info - e10adc3949ba59abbe56e057f20f883e
[2023-09-05T19:18:07.517] [INFO] info - log output
[2023-09-05T19:32:32.600] [INFO] info - {
  request: {
    method: 'POST',
    url: '/api/users/login',
    header: {
      cookie: 'PPA_CI=71f9dd91953119fe93055281c6ea0aeb',
      'accept-language': 'zh-CN,zh;q=0.9',
      'accept-encoding': 'gzip, deflate, br',
      referer: 'http://127.0.0.1:8080/',
      'sec-fetch-dest': 'empty',
      'sec-fetch-mode': 'cors',
      'sec-fetch-site': 'same-origin',
      origin: 'http://127.0.0.1:8080',
      'sec-ch-ua-platform': '"Windows"',
      accept: 'application/json, text/plain, */*',
      'content-type': 'application/json',
      'user-agent': 'Mozilla/5.0 (Windows NT 6.1; WOW64) AppleWebKit/537.36 (KHTML, like Gecko) Chrome/107.0.0.0 Safari/537.36',
      authorization: 'Bearer eyJhbGciOiJIUzI1NiIsInR5cCI6IkpXVCJ9.eyJkYXRhIjp7Il9pZCI6IjYyNGE5MzMwMDVkZDVhMmU5NTNjNjEyYiIsImRlcHRJZCI6WyI2NDk5Mjg1Yzg1NTE0MjYyYjYxZWUyNTEiXSwic3RhdGUiOjEsInJvbGUiOjAsInJvbGVMaXN0IjpbIjYwOTc4MWI0NWNjZDE4MzA4NGY4ZWEzZCJdLCJ1c2VySWQiOjEwMDAwMDIsInVzZXJOYW1lIjoiYWRtaW4iLCJ1c2VyRW1haWwiOiJhZG1pbkBpbW9vYy5jb20ifSwiaWF0IjoxNjkzOTEyNzg3LCJleHAiOjE2OTM5MTYzODd9.JrhNK589ENAhzgzMhr_GBR7E3tjcq4mcPiPEQif4v1w',
      'sec-ch-ua-mobile': '?0',
      dnt: '1',
      'sec-ch-ua': '"Google Chrome";v="107", "Chromium";v="107", "Not=A?Brand";v="24"',
      'cache-control': 'no-cache',
      pragma: 'no-cache',
      'content-length': '40',
      connection: 'close',
      host: '127.0.0.1:3001'
    }
  },
  response: {
    status: 404,
    message: 'Not Found',
    header: [Object: null prototype] {}
  },
  app: { subdomainOffset: 2, proxy: false, env: 'development' },
  originalUrl: '/api/users/login',
  req: '<original node req>',
  res: '<original node res>',
  socket: '<original node socket>'
}
[2023-09-05T19:32:32.606] [INFO] info - 这是token校验路由中间件
[2023-09-05T19:32:32.607] [INFO] info - e10adc3949ba59abbe56e057f20f883e
[2023-09-05T19:32:32.616] [INFO] info - log output
[2023-09-06T22:31:05.426] [INFO] info - {
  request: {
    method: 'POST',
    url: '/api/users/login',
    header: {
      cookie: 'PPA_CI=c5eecee0c6c2f7ca391d30d51894b031',
      'accept-language': 'zh-CN,zh;q=0.9',
      'accept-encoding': 'gzip, deflate, br',
      referer: 'http://127.0.0.1:8080/',
      'sec-fetch-dest': 'empty',
      'sec-fetch-mode': 'cors',
      'sec-fetch-site': 'same-origin',
      origin: 'http://127.0.0.1:8080',
      'sec-ch-ua-platform': '"Windows"',
      accept: 'application/json, text/plain, */*',
      'content-type': 'application/json',
      'user-agent': 'Mozilla/5.0 (Windows NT 6.1; WOW64) AppleWebKit/537.36 (KHTML, like Gecko) Chrome/107.0.0.0 Safari/537.36',
      authorization: 'Bearer',
      'sec-ch-ua-mobile': '?0',
      dnt: '1',
      'sec-ch-ua': '"Google Chrome";v="107", "Chromium";v="107", "Not=A?Brand";v="24"',
      'cache-control': 'no-cache',
      pragma: 'no-cache',
      'content-length': '40',
      connection: 'close',
      host: '127.0.0.1:3001'
    }
  },
  response: {
    status: 404,
    message: 'Not Found',
    header: [Object: null prototype] {}
  },
  app: { subdomainOffset: 2, proxy: false, env: 'development' },
  originalUrl: '/api/users/login',
  req: '<original node req>',
  res: '<original node res>',
  socket: '<original node socket>'
}
[2023-09-06T22:31:05.433] [INFO] info - 这是token校验路由中间件
[2023-09-06T22:31:05.434] [INFO] info - e10adc3949ba59abbe56e057f20f883e
[2023-09-06T22:31:05.451] [INFO] info - log output
[2023-09-09T18:00:03.449] [INFO] info - 连接数据库成功！
[2023-09-09T18:00:03.452] [INFO] info - Listening on port 3001
[2023-09-09T18:00:24.066] [INFO] info - e10adc3949ba59abbe56e057f20f883e
[2023-09-09T18:00:24.081] [INFO] info - log output
[2023-09-09T18:47:03.258] [INFO] info - 连接数据库成功！
[2023-09-09T18:47:03.261] [INFO] info - Listening on port 3001
[2023-09-09T18:47:37.942] [INFO] info - 连接数据库成功！
[2023-09-09T18:47:37.945] [INFO] info - Listening on port 3001
[2023-09-09T18:47:42.915] [INFO] info - e10adc3949ba59abbe56e057f20f883e
[2023-09-09T18:47:42.926] [INFO] info - log output
[2023-09-12T21:10:55.173] [INFO] info - 连接数据库成功！
[2023-09-12T21:10:55.177] [INFO] info - Listening on port 3001
[2023-09-16T09:09:44.314] [INFO] info - 连接数据库成功！
[2023-09-16T09:09:44.317] [INFO] info - Listening on port 3001
[2023-09-16T09:10:15.292] [INFO] info - e10adc3949ba59abbe56e057f20f883e
[2023-09-16T09:10:15.327] [INFO] info - log output
[2023-09-16T09:19:00.055] [INFO] info - 连接数据库成功！
[2023-09-16T09:19:00.057] [INFO] info - Listening on port 3001
[2023-09-16T11:31:24.986] [INFO] info - 连接数据库成功！
[2023-09-16T11:31:24.989] [INFO] info - Listening on port 3001
[2023-09-16T11:31:46.140] [INFO] info - 连接数据库成功！
[2023-09-16T11:31:46.145] [INFO] info - Listening on port 3001
[2023-09-16T11:33:35.046] [INFO] info - 连接数据库成功！
[2023-09-16T11:33:35.049] [INFO] info - Listening on port 3001
[2023-09-16T11:33:38.117] [INFO] info - 连接数据库成功！
[2023-09-16T11:33:38.119] [INFO] info - Listening on port 3001
[2023-09-17T09:49:03.403] [INFO] info - 连接数据库成功！
[2023-09-17T09:49:03.406] [INFO] info - Listening on port 3001
[2023-09-18T15:33:12.864] [INFO] info - 连接数据库成功！
[2023-09-18T15:33:12.867] [INFO] info - Listening on port 3001
[2023-09-18T16:06:33.225] [INFO] info - 连接数据库成功！
[2023-09-18T16:06:33.227] [INFO] info - Listening on port 3001
[2023-09-18T16:19:12.298] [INFO] info - 连接数据库成功！
[2023-09-18T16:19:12.301] [INFO] info - Listening on port 3001
[2023-09-18T16:34:31.174] [INFO] info - e10adc3949ba59abbe56e057f20f883e
[2023-09-18T16:34:31.221] [INFO] info - log output
[2023-09-18T16:34:40.369] [INFO] info - log output
[2023-09-18T16:36:46.333] [INFO] info - 连接数据库成功！
[2023-09-18T16:36:46.336] [INFO] info - Listening on port 3001
[2023-09-18T16:36:50.174] [INFO] info - log output
[2023-09-18T16:37:04.569] [INFO] info - 连接数据库成功！
[2023-09-18T16:37:04.571] [INFO] info - Listening on port 3001
[2023-09-18T16:37:08.720] [INFO] info - log output
[2023-09-18T16:37:17.724] [INFO] info - log output
[2023-09-18T16:39:57.805] [INFO] info - 连接数据库成功！
[2023-09-18T16:39:57.807] [INFO] info - Listening on port 3001
[2023-09-18T16:40:01.288] [INFO] info - log output
[2023-09-18T16:40:10.453] [INFO] info - 连接数据库成功！
[2023-09-18T16:40:10.455] [INFO] info - Listening on port 3001
[2023-09-18T16:40:12.660] [INFO] info - log output
[2023-09-18T16:40:43.595] [INFO] info - 连接数据库成功！
[2023-09-18T16:40:43.599] [INFO] info - Listening on port 3001
[2023-09-18T16:40:46.837] [INFO] info - log output
[2023-09-18T16:40:58.321] [INFO] info - log output
[2023-09-18T16:41:16.675] [INFO] info - 连接数据库成功！
[2023-09-18T16:41:16.677] [INFO] info - Listening on port 3001
[2023-09-18T16:41:19.938] [INFO] info - log output
[2023-09-18T16:42:08.997] [INFO] info - 连接数据库成功！
[2023-09-18T16:42:09.004] [INFO] info - Listening on port 3001
[2023-09-18T16:42:12.636] [INFO] info - log output
[2023-09-18T16:42:37.461] [INFO] info - 连接数据库成功！
[2023-09-18T16:42:37.463] [INFO] info - Listening on port 3001
[2023-09-18T16:43:33.291] [INFO] info - 连接数据库成功！
[2023-09-18T16:43:33.294] [INFO] info - Listening on port 3001
[2023-09-18T16:43:46.709] [INFO] info - 连接数据库成功！
[2023-09-18T16:43:46.712] [INFO] info - Listening on port 3001
[2023-09-18T16:43:49.237] [INFO] info - log output
[2023-09-18T16:44:17.774] [INFO] info - 连接数据库成功！
[2023-09-18T16:44:17.786] [INFO] info - Listening on port 3001
[2023-09-18T16:44:24.812] [INFO] info - log output
[2023-09-18T16:45:03.207] [INFO] info - 连接数据库成功！
[2023-09-18T16:45:03.210] [INFO] info - Listening on port 3001
[2023-09-18T16:45:05.019] [INFO] info - log output
[2023-09-18T16:45:16.279] [INFO] info - 连接数据库成功！
[2023-09-18T16:45:16.282] [INFO] info - Listening on port 3001
[2023-09-18T16:45:18.686] [INFO] info - log output
[2023-09-18T16:45:42.409] [INFO] info - 连接数据库成功！
[2023-09-18T16:45:42.411] [INFO] info - Listening on port 3001
[2023-09-18T16:45:43.728] [INFO] info - log output
[2023-09-18T16:46:05.243] [INFO] info - 连接数据库成功！
[2023-09-18T16:46:05.246] [INFO] info - Listening on port 3001
[2023-09-18T16:46:08.834] [INFO] info - log output
[2023-09-18T16:47:52.779] [INFO] info - 连接数据库成功！
[2023-09-18T16:47:52.781] [INFO] info - Listening on port 3001
[2023-09-18T16:47:56.856] [INFO] info - log output
[2023-09-18T16:49:18.156] [INFO] info - 连接数据库成功！
[2023-09-18T16:49:18.158] [INFO] info - Listening on port 3001
[2023-09-18T16:49:20.839] [INFO] info - log output
[2023-09-18T16:50:11.416] [INFO] info - 连接数据库成功！
[2023-09-18T16:50:11.418] [INFO] info - Listening on port 3001
[2023-09-18T16:50:15.174] [INFO] info - log output
[2023-09-18T16:50:45.856] [INFO] info - 连接数据库成功！
[2023-09-18T16:50:45.858] [INFO] info - Listening on port 3001
[2023-09-18T16:50:48.655] [INFO] info - log output
[2023-09-18T16:51:29.027] [INFO] info - 连接数据库成功！
[2023-09-18T16:51:29.030] [INFO] info - Listening on port 3001
[2023-09-18T16:51:37.859] [INFO] info - log output
[2023-09-18T16:51:54.958] [INFO] info - 连接数据库成功！
[2023-09-18T16:51:54.960] [INFO] info - Listening on port 3001
[2023-09-18T16:51:57.199] [INFO] info - log output
[2023-09-18T16:53:32.034] [INFO] info - 连接数据库成功！
[2023-09-18T16:53:32.037] [INFO] info - Listening on port 3001
[2023-09-18T16:53:35.540] [INFO] info - log output
[2023-09-18T16:56:30.780] [INFO] info - 连接数据库成功！
[2023-09-18T16:56:30.782] [INFO] info - Listening on port 3001
[2023-09-18T16:56:35.321] [INFO] info - log output
[2023-09-18T16:57:30.947] [INFO] info - 连接数据库成功！
[2023-09-18T16:57:30.950] [INFO] info - Listening on port 3001
[2023-09-18T16:57:34.405] [INFO] info - log output
[2023-09-18T16:58:25.291] [INFO] info - 连接数据库成功！
[2023-09-18T16:58:25.293] [INFO] info - Listening on port 3001
[2023-09-18T16:59:21.929] [INFO] info - 连接数据库成功！
[2023-09-18T16:59:21.932] [INFO] info - Listening on port 3001
[2023-09-18T16:59:24.753] [INFO] info - log output
[2023-09-18T17:00:34.922] [INFO] info - 连接数据库成功！
[2023-09-18T17:00:34.925] [INFO] info - Listening on port 3001
[2023-09-18T17:00:38.499] [INFO] info - log output
[2023-09-18T17:00:54.921] [INFO] info - 连接数据库成功！
[2023-09-18T17:00:54.924] [INFO] info - Listening on port 3001
[2023-09-18T17:00:57.459] [INFO] info - log output
[2023-09-18T17:01:11.155] [INFO] info - 连接数据库成功！
[2023-09-18T17:01:11.157] [INFO] info - Listening on port 3001
[2023-09-18T17:01:14.769] [INFO] info - log output
[2023-09-18T17:01:25.034] [INFO] info - 连接数据库成功！
[2023-09-18T17:01:25.037] [INFO] info - Listening on port 3001
[2023-09-18T17:01:27.929] [INFO] info - log output
[2023-09-18T17:02:20.228] [INFO] info - 连接数据库成功！
[2023-09-18T17:02:20.232] [INFO] info - Listening on port 3001
[2023-09-18T17:02:22.889] [INFO] info - log output
[2023-09-18T17:02:59.040] [INFO] info - 连接数据库成功！
[2023-09-18T17:02:59.043] [INFO] info - Listening on port 3001
[2023-09-18T17:03:01.699] [INFO] info - log output
[2023-09-18T17:03:12.647] [INFO] info - log output
[2023-09-18T17:03:56.151] [INFO] info - 连接数据库成功！
[2023-09-18T17:03:56.153] [INFO] info - Listening on port 3001
[2023-09-18T17:03:59.800] [INFO] info - log output
[2023-09-18T17:04:46.939] [INFO] info - 连接数据库成功！
[2023-09-18T17:04:46.942] [INFO] info - Listening on port 3001
[2023-09-18T17:04:48.877] [INFO] info - log output
[2023-09-18T17:07:27.682] [INFO] info - 连接数据库成功！
[2023-09-18T17:07:27.684] [INFO] info - Listening on port 3001
[2023-09-18T17:07:31.395] [INFO] info - log output
[2023-09-18T17:09:51.806] [INFO] info - 连接数据库成功！
[2023-09-18T17:09:51.809] [INFO] info - Listening on port 3001
[2023-09-18T17:09:57.135] [INFO] info - log output
[2023-09-18T17:10:21.306] [INFO] info - 连接数据库成功！
[2023-09-18T17:10:21.309] [INFO] info - Listening on port 3001
[2023-09-18T17:10:22.902] [INFO] info - log output
[2023-09-18T17:10:42.230] [INFO] info - 连接数据库成功！
[2023-09-18T17:10:42.233] [INFO] info - Listening on port 3001
[2023-09-18T17:10:54.182] [INFO] info - log output
[2023-09-18T17:11:12.400] [INFO] info - 连接数据库成功！
[2023-09-18T17:11:12.402] [INFO] info - Listening on port 3001
[2023-09-18T17:11:15.849] [INFO] info - log output
[2023-09-18T17:11:26.922] [INFO] info - 连接数据库成功！
[2023-09-18T17:11:26.927] [INFO] info - Listening on port 3001
[2023-09-18T17:11:28.389] [INFO] info - log output
[2023-09-18T17:11:38.615] [INFO] info - 连接数据库成功！
[2023-09-18T17:11:38.618] [INFO] info - Listening on port 3001
[2023-09-18T17:11:41.040] [INFO] info - log output
[2023-09-18T17:11:59.673] [INFO] info - 连接数据库成功！
[2023-09-18T17:11:59.675] [INFO] info - Listening on port 3001
[2023-09-18T17:12:02.095] [INFO] info - log output
[2023-09-18T17:12:09.986] [INFO] info - 连接数据库成功！
[2023-09-18T17:12:09.989] [INFO] info - Listening on port 3001
[2023-09-18T17:12:11.739] [INFO] info - log output
[2023-09-18T17:13:02.782] [INFO] info - 连接数据库成功！
[2023-09-18T17:13:02.785] [INFO] info - Listening on port 3001
[2023-09-18T17:13:04.942] [INFO] info - log output
[2023-09-18T17:13:28.214] [INFO] info - 连接数据库成功！
[2023-09-18T17:13:28.216] [INFO] info - Listening on port 3001
[2023-09-18T17:13:40.186] [INFO] info - 连接数据库成功！
[2023-09-18T17:13:40.188] [INFO] info - Listening on port 3001
[2023-09-18T17:17:09.811] [INFO] info - 连接数据库成功！
[2023-09-18T17:17:09.817] [INFO] info - Listening on port 3001
[2023-09-18T17:17:14.695] [INFO] info - log output
[2023-09-18T17:17:39.589] [INFO] info - 连接数据库成功！
[2023-09-18T17:17:39.591] [INFO] info - Listening on port 3001
[2023-09-18T17:17:42.085] [INFO] info - log output
[2023-09-18T17:17:50.928] [INFO] info - 连接数据库成功！
[2023-09-18T17:17:50.931] [INFO] info - Listening on port 3001
[2023-09-18T17:17:52.521] [INFO] info - log output
[2023-09-18T17:18:35.618] [INFO] info - 连接数据库成功！
[2023-09-18T17:18:35.620] [INFO] info - Listening on port 3001
[2023-09-18T17:18:58.461] [INFO] info - 连接数据库成功！
[2023-09-18T17:18:58.464] [INFO] info - Listening on port 3001
[2023-09-18T17:19:34.531] [INFO] info - log output
[2023-09-18T17:19:34.599] [INFO] info - log output
[2023-09-18T17:19:38.924] [INFO] info - log output
[2023-09-18T17:20:56.155] [INFO] info - 连接数据库成功！
[2023-09-18T17:20:56.157] [INFO] info - Listening on port 3001
[2023-09-18T17:20:58.755] [INFO] info - log output
[2023-09-18T17:21:23.328] [INFO] info - 连接数据库成功！
[2023-09-18T17:21:23.331] [INFO] info - Listening on port 3001
[2023-09-18T17:21:33.193] [INFO] info - 连接数据库成功！
[2023-09-18T17:21:33.200] [INFO] info - Listening on port 3001
[2023-09-18T17:21:35.767] [INFO] info - log output
[2023-09-18T17:22:24.985] [INFO] info - 连接数据库成功！
[2023-09-18T17:22:24.988] [INFO] info - Listening on port 3001
[2023-09-18T17:22:27.360] [INFO] info - log output
[2023-09-18T17:22:30.319] [INFO] info - log output
[2023-09-18T17:23:55.220] [INFO] info - 连接数据库成功！
[2023-09-18T17:23:55.222] [INFO] info - Listening on port 3001
[2023-09-18T17:24:00.331] [INFO] info - log output
[2023-09-18T17:24:21.859] [INFO] info - 连接数据库成功！
[2023-09-18T17:24:21.861] [INFO] info - Listening on port 3001
[2023-09-18T17:24:25.536] [INFO] info - log output
[2023-09-18T17:25:16.586] [INFO] info - 连接数据库成功！
[2023-09-18T17:25:16.588] [INFO] info - Listening on port 3001
[2023-09-18T17:25:19.574] [INFO] info - log output
[2023-09-18T17:26:26.273] [INFO] info - 连接数据库成功！
[2023-09-18T17:26:26.276] [INFO] info - Listening on port 3001
[2023-09-18T17:26:28.801] [INFO] info - log output
[2023-09-18T17:28:17.635] [INFO] info - log output
[2023-09-18T17:28:25.706] [INFO] info - log output
[2023-09-18T17:28:29.848] [INFO] info - log output
[2023-09-18T17:29:17.034] [INFO] info - 连接数据库成功！
[2023-09-18T17:29:17.038] [INFO] info - Listening on port 3001
[2023-09-18T17:29:19.260] [INFO] info - log output
[2023-09-18T17:30:34.028] [INFO] info - 连接数据库成功！
[2023-09-18T17:30:34.031] [INFO] info - Listening on port 3001
[2023-09-18T17:31:37.494] [INFO] info - 连接数据库成功！
[2023-09-18T17:31:37.496] [INFO] info - Listening on port 3001
[2023-09-18T17:31:42.683] [INFO] info - log output
[2023-09-18T17:32:45.581] [INFO] info - 连接数据库成功！
[2023-09-18T17:32:45.584] [INFO] info - Listening on port 3001
[2023-09-18T17:32:58.970] [INFO] info - 连接数据库成功！
[2023-09-18T17:32:58.972] [INFO] info - Listening on port 3001
[2023-09-18T17:33:02.189] [INFO] info - log output
[2023-09-18T17:35:46.660] [INFO] info - 连接数据库成功！
[2023-09-18T17:35:46.664] [INFO] info - Listening on port 3001
[2023-09-18T17:38:40.853] [INFO] info - 连接数据库成功！
[2023-09-18T17:38:40.855] [INFO] info - Listening on port 3001
[2023-09-18T17:38:57.238] [INFO] info - e10adc3949ba59abbe56e057f20f883e
[2023-09-18T17:38:57.252] [INFO] info - log output
[2023-09-18T17:39:01.013] [INFO] info - log output
[2023-09-18T17:39:16.550] [INFO] info - 连接数据库成功！
[2023-09-18T17:39:16.554] [INFO] info - Listening on port 3001
[2023-09-18T17:39:18.976] [INFO] info - log output
[2023-09-18T17:41:31.336] [INFO] info - 连接数据库成功！
[2023-09-18T17:41:31.338] [INFO] info - Listening on port 3001
